582 349
581 348
581 347
580 347
580 346
580 345
580 344
579 344
579 343
579 342
579 341
579 340
579 339
578 338
578 337
577 336
577 335
577 334
577 333
577 332
577 331
576 330
576 329
575 329
575 328
575 327
575 326
574 325
574 324
574 323
574 322
573 322
573 321
573 320
573 319
573 318
573 317
573 316
572 316
572 315
572 314
571 314
571 313
571 312
570 312
570 311
570 310
570 309
570 308
569 308
569 307
569 306
568 306
568 305
567 305
567 304
567 303
567 302
567 301
567 300
567 299
567 298
566 298
566 297
566 296
566 295
565 295
565 294
565 293
565 292
565 291
564 291
564 290
564 289
564 288
564 287
563 286
563 285
563 284
563 283
563 282
562 281
562 280
562 279
562 278
562 277
561 277
561 276
561 275
560 275
560 274
560 273
560 272
559 272
559 271
559 270
558 269
558 268
558 267
558 266
558 265
558 264
558 263
557 263
557 262
557 261
556 261
556 260
556 259
555 259
555 258
555 257
555 256
555 255
555 254
554 254
554 253
554 252
554 251
554 250
554 249
553 249
553 248
553 247
553 246
552 245
552 244
552 243
552 242
552 241
552 240
551 240
551 239
551 238
550 238
550 237
550 236
550 235
550 234
550 233
550 232
550 231
549 231
549 230
548 229
548 228
547 228
547 227
547 226
547 225
546 224
545 224
545 223
545 222
544 222
544 221
544 220
544 219
544 218
544 217
544 216
544 215
544 214
543 214
543 213
543 212
542 212
542 211
542 210
542 209
542 208
542 207
542 206
542 205
542 204
542 203
541 201
541 200
541 199
541 198
541 197
540 196
540 195
540 194
540 193
540 192
540 191
539 191
539 190
539 189
538 189
538 188
538 187
538 186
538 185
537 185
537 184
537 183
537 182
537 181
537 180
537 179
536 179
536 178
536 177
536 176
536 175
535 174
535 173
535 172
534 172
534 171
534 170
533 170
533 169
533 168
532 167
532 166
532 165
532 164
531 164
531 163
531 162
530 162
530 161
530 160
530 159
530 158
530 157
530 156
529 156
529 155
528 155
528 154
528 153
528 152
528 151
528 150
528 149
528 148
528 147
528 146
528 145
527 145
527 144
527 143
526 143
526 142
525 142
525 141
525 140
524 140
524 139
524 138
524 137
523 137
522 136
522 135
522 134
522 132
522 131
523 131
523 130
523 129
523 128
523 127
522 126
521 126
521 125
520 124
520 123
520 122
520 121
519 120
519 119
518 118
518 117
518 116
518 115
517 115
517 114
517 113
517 112
516 112
516 111
516 110
516 109
516 108
516 107
515 107
515 106
515 105
515 104
515 103
514 103
514 102
514 101
514 100
514 99
514 98
513 98
513 97
513 96
513 95
512 94
512 93
511 93
511 92
511 91
511 90
511 89
510 89
510 87
510 86
509 85
509 84
509 83
508 82
508 81
508 80
507 79
507 78
507 77
507 76
507 75
506 75
506 74
506 73
506 72
506 71
505 71
505 70
504 69
504 68
504 67
504 66
503 65
503 64
503 63
503 62
503 61
503 60
503 59
503 58
503 57
503 56
503 55
503 54
502 53
502 52
502 51
502 50
502 49
502 48
502 47
502 46
502 45
502 44
502 43
502 42
502 41
502 40
502 39
502 38
502 37
501 37
501 36
501 35
501 34
501 33
501 32
501 31
501 30
501 29
501 28
501 27
501 26
501 25
501 24
501 23
501 22
501 21
501 20
501 19
501 18
501 17
501 16
501 15
501 14
501 13
501 12
501 11
501 10
501 9
501 8
501 7
502 6
502 5
502 4
502 3
502 2
502 1
502 0
503 0
504 0
505 0
506 0
-1 -1
