498 0
498 1
498 2
498 3
498 4
498 5
498 6
497 7
497 8
497 9
497 10
496 11
496 12
495 13
495 14
495 15
495 17
495 18
495 19
495 21
495 23
495 24
495 25
495 26
495 27
495 28
494 30
494 32
494 33
494 35
494 36
494 38
494 39
494 41
494 42
494 43
494 44
494 46
494 47
494 48
494 49
495 49
495 50
495 51
496 52
496 53
496 54
496 55
497 56
497 57
497 58
498 59
498 60
498 61
498 62
498 63
498 64
499 65
499 66
499 67
499 68
499 69
500 69
500 70
500 71
500 72
500 73
500 74
500 75
501 76
501 77
501 78
502 78
502 79
503 80
503 81
503 82
503 83
504 83
504 84
504 85
504 86
504 87
504 88
504 89
504 90
505 90
505 91
505 92
506 93
506 94
506 95
506 96
506 97
507 97
507 98
507 99
507 100
507 101
508 101
508 102
508 103
509 103
509 104
509 105
509 106
510 107
510 108
511 108
511 109
511 110
511 111
511 112
511 113
511 114
511 115
512 116
512 117
512 118
512 119
513 119
513 120
513 121
513 122
513 123
513 124
514 124
514 125
514 126
515 126
515 127
515 128
516 129
516 130
516 131
516 132
516 133
516 134
516 135
517 135
517 136
517 137
517 138
517 139
517 140
518 141
518 142
518 143
518 144
518 145
519 146
519 147
519 148
519 149
519 150
520 150
520 151
520 152
520 153
521 153
521 154
521 155
521 156
521 157
521 158
522 159
522 160
522 161
522 162
523 163
523 164
523 165
523 166
523 167
523 168
524 169
524 170
524 171
525 172
525 173
525 174
525 175
526 175
526 176
526 177
526 178
527 179
527 180
527 181
527 182
527 183
527 184
528 184
528 185
528 186
529 186
529 187
529 188
530 188
530 189
530 190
531 191
531 192
531 193
531 194
531 195
532 195
532 196
533 196
533 197
533 198
534 198
534 199
534 200
535 200
535 201
535 202
535 203
535 204
535 205
535 206
535 207
535 208
536 209
536 211
536 212
537 213
538 214
538 215
538 216
538 217
539 217
539 218
539 219
540 219
540 220
540 221
540 222
540 223
540 224
540 225
541 225
541 226
541 227
541 228
542 229
542 230
542 231
542 232
543 232
543 233
543 234
543 235
543 236
543 237
543 238
543 239
544 240
544 241
544 242
545 243
545 244
545 245
546 246
546 247
546 248
546 249
546 250
547 251
547 252
547 253
547 254
547 255
547 256
548 257
548 258
548 259
548 260
549 261
549 262
549 263
549 264
549 265
550 265
550 266
550 267
551 267
551 268
551 269
552 270
552 271
553 272
553 273
554 274
554 275
554 276
554 277
555 277
555 278
555 279
555 280
555 281
555 282
555 283
556 283
556 284
556 285
557 286
557 287
558 288
558 289
558 290
559 291
559 292
559 293
560 293
560 294
560 295
560 296
560 297
561 298
561 299
561 300
561 301
562 302
562 303
562 304
563 305
563 306
564 306
564 307
564 308
564 309
565 309
565 310
565 311
565 312
566 312
566 313
566 314
566 315
567 315
567 316
567 317
567 318
568 319
568 320
568 321
568 322
569 323
569 324
569 325
569 326
570 326
570 327
570 328
570 329
570 330
571 330
571 331
571 332
571 333
572 334
573 335
573 336
573 337
573 338
573 339
574 339
574 340
575 340
575 341
575 342
576 342
576 343
576 344
577 345
577 346
577 347
577 348
577 349
-1 -1
