0 227
0 228
1 228
1 229
2 229
3 230
4 230
5 231
6 231
6 232
6 233
7 233
8 233
8 234
8 235
8 236
9 237
10 238
10 239
11 239
11 240
12 240
13 241
13 242
14 242
14 243
15 243
16 243
16 244
17 244
18 245
19 245
19 246
20 246
20 247
21 248
22 248
22 249
23 249
24 250
25 251
26 252
27 253
28 254
28 255
29 255
29 256
30 257
31 258
31 259
32 260
32 261
33 261
33 262
34 262
34 263
35 263
35 264
36 265
37 266
39 267
39 268
40 269
40 270
41 270
41 271
42 271
43 271
43 272
44 272
45 273
46 274
48 275
49 275
49 276
50 276
51 276
51 277
52 277
53 277
54 277
54 278
55 280
57 283
58 285
60 286
61 287
62 288
63 289
64 290
65 291
66 291
66 292
67 292
68 293
69 293
69 294
70 294
70 295
71 296
73 298
74 300
75 301
77 302
77 303
78 304
79 304
79 305
80 305
81 306
81 307
82 308
83 309
84 309
84 310
85 310
85 311
86 311
86 312
87 312
87 313
88 313
90 314
91 315
92 315
93 316
93 317
95 318
96 318
96 319
97 320
98 320
98 321
99 321
99 322
100 323
101 324
102 325
102 326
103 326
104 327
104 328
104 329
105 329
106 329
106 330
107 330
108 331
109 331
110 332
110 333
111 333
111 334
112 335
113 335
114 336
115 337
116 338
117 339
118 340
118 341
119 341
120 343
121 343
122 344
122 345
123 345
124 345
124 346
125 346
125 347
126 347
126 348
126 349
127 349
128 349
-1 -1
